Analysis & Synthesis report for MiniProject
Sun May 29 20:28:19 2022
Quartus Prime Version 17.1.0 Build 590 10/25/2017 SJ Lite Edition


---------------------
; Table of Contents ;
---------------------
  1. Legal Notice
  2. Analysis & Synthesis Summary
  3. Analysis & Synthesis Settings
  4. Parallel Compilation
  5. Analysis & Synthesis Source Files Read
  6. Analysis & Synthesis Resource Usage Summary
  7. Analysis & Synthesis Resource Utilization by Entity
  8. State Machine - |MiniProject|state
  9. State Machine - |MiniProject|LT24:LT24|LT24Display:Display|stateMachine
 10. Registers Removed During Synthesis
 11. General Register Statistics
 12. Inverted Register Statistics
 13. Multiplexer Restructuring Statistics (Restructuring Performed)
 14. Source assignments for Top-level Entity: |MiniProject
 15. Source assignments for LT24:LT24|LT24Display:Display
 16. Parameter Settings for User Entity Instance: Top-level Entity: |MiniProject
 17. Parameter Settings for User Entity Instance: Timer:Timer
 18. Parameter Settings for User Entity Instance: LT24:LT24|LT24Display:Display
 19. Parameter Settings for User Entity Instance: LT24:LT24|LT24Display:Display|LT24InitialData:initDataRom
 20. Parameter Settings for User Entity Instance: LT24:LT24|LT24Display:Display|LT24DisplayInterface:LT24Interface
 21. Parameter Settings for User Entity Instance: LT24:LT24|UpCounterNbit:xCounter
 22. Parameter Settings for User Entity Instance: LT24:LT24|UpCounterNbit:yCounter
 23. Port Connectivity Checks: "LT24:LT24|LT24Display:Display"
 24. Port Connectivity Checks: "LT24:LT24"
 25. Post-Synthesis Netlist Statistics for Top Partition
 26. Elapsed Time Per Partition
 27. Analysis & Synthesis Messages
 28. Analysis & Synthesis Suppressed Messages



----------------
; Legal Notice ;
----------------
Copyright (C) 2017  Intel Corporation. All rights reserved.
Your use of Intel Corporation's design tools, logic functions 
and other software and tools, and its AMPP partner logic 
functions, and any output files from any of the foregoing 
(including device programming or simulation files), and any 
associated documentation or information are expressly subject 
to the terms and conditions of the Intel Program License 
Subscription Agreement, the Intel Quartus Prime License Agreement,
the Intel FPGA IP License Agreement, or other applicable license
agreement, including, without limitation, that your use is for
the sole purpose of programming logic devices manufactured by
Intel and sold by Intel or its authorized distributors.  Please
refer to the applicable agreement for further details.



+-------------------------------------------------------------------------------+
; Analysis & Synthesis Summary                                                  ;
+---------------------------------+---------------------------------------------+
; Analysis & Synthesis Status     ; Successful - Sun May 29 20:28:19 2022       ;
; Quartus Prime Version           ; 17.1.0 Build 590 10/25/2017 SJ Lite Edition ;
; Revision Name                   ; MiniProject                                 ;
; Top-level Entity Name           ; MiniProject                                 ;
; Family                          ; Cyclone V                                   ;
; Logic utilization (in ALMs)     ; N/A                                         ;
; Total registers                 ; 256                                         ;
; Total pins                      ; 84                                          ;
; Total virtual pins              ; 0                                           ;
; Total block memory bits         ; 0                                           ;
; Total DSP Blocks                ; 0                                           ;
; Total HSSI RX PCSs              ; 0                                           ;
; Total HSSI PMA RX Deserializers ; 0                                           ;
; Total HSSI TX PCSs              ; 0                                           ;
; Total HSSI PMA TX Serializers   ; 0                                           ;
; Total PLLs                      ; 0                                           ;
; Total DLLs                      ; 0                                           ;
+---------------------------------+---------------------------------------------+


+---------------------------------------------------------------------------------------------------------------------------+
; Analysis & Synthesis Settings                                                                                             ;
+---------------------------------------------------------------------------------+--------------------+--------------------+
; Option                                                                          ; Setting            ; Default Value      ;
+---------------------------------------------------------------------------------+--------------------+--------------------+
; Device                                                                          ; 5CSEMA5F31C6       ;                    ;
; Top-level entity name                                                           ; MiniProject        ; MiniProject        ;
; Family name                                                                     ; Cyclone V          ; Cyclone V          ;
; Use smart compilation                                                           ; Off                ; Off                ;
; Enable parallel Assembler and TimeQuest Timing Analyzer during compilation      ; On                 ; On                 ;
; Enable compact report table                                                     ; Off                ; Off                ;
; Restructure Multiplexers                                                        ; Auto               ; Auto               ;
; MLAB Add Timing Constraints For Mixed-Port Feed-Through Mode Setting Don't Care ; Off                ; Off                ;
; Create Debugging Nodes for IP Cores                                             ; Off                ; Off                ;
; Preserve fewer node names                                                       ; On                 ; On                 ;
; Intel FPGA IP Evaluation Mode                                                   ; Enable             ; Enable             ;
; Verilog Version                                                                 ; Verilog_2001       ; Verilog_2001       ;
; VHDL Version                                                                    ; VHDL_1993          ; VHDL_1993          ;
; State Machine Processing                                                        ; Auto               ; Auto               ;
; Safe State Machine                                                              ; Off                ; Off                ;
; Extract Verilog State Machines                                                  ; On                 ; On                 ;
; Extract VHDL State Machines                                                     ; On                 ; On                 ;
; Ignore Verilog initial constructs                                               ; Off                ; Off                ;
; Iteration limit for constant Verilog loops                                      ; 5000               ; 5000               ;
; Iteration limit for non-constant Verilog loops                                  ; 250                ; 250                ;
; Add Pass-Through Logic to Inferred RAMs                                         ; On                 ; On                 ;
; Infer RAMs from Raw Logic                                                       ; On                 ; On                 ;
; Parallel Synthesis                                                              ; On                 ; On                 ;
; DSP Block Balancing                                                             ; Auto               ; Auto               ;
; NOT Gate Push-Back                                                              ; On                 ; On                 ;
; Power-Up Don't Care                                                             ; On                 ; On                 ;
; Remove Redundant Logic Cells                                                    ; Off                ; Off                ;
; Remove Duplicate Registers                                                      ; On                 ; On                 ;
; Ignore CARRY Buffers                                                            ; Off                ; Off                ;
; Ignore CASCADE Buffers                                                          ; Off                ; Off                ;
; Ignore GLOBAL Buffers                                                           ; Off                ; Off                ;
; Ignore ROW GLOBAL Buffers                                                       ; Off                ; Off                ;
; Ignore LCELL Buffers                                                            ; Off                ; Off                ;
; Ignore SOFT Buffers                                                             ; On                 ; On                 ;
; Limit AHDL Integers to 32 Bits                                                  ; Off                ; Off                ;
; Optimization Technique                                                          ; Balanced           ; Balanced           ;
; Carry Chain Length                                                              ; 70                 ; 70                 ;
; Auto Carry Chains                                                               ; On                 ; On                 ;
; Auto Open-Drain Pins                                                            ; On                 ; On                 ;
; Perform WYSIWYG Primitive Resynthesis                                           ; Off                ; Off                ;
; Auto ROM Replacement                                                            ; On                 ; On                 ;
; Auto RAM Replacement                                                            ; On                 ; On                 ;
; Auto DSP Block Replacement                                                      ; On                 ; On                 ;
; Auto Shift Register Replacement                                                 ; Auto               ; Auto               ;
; Allow Shift Register Merging across Hierarchies                                 ; Auto               ; Auto               ;
; Auto Clock Enable Replacement                                                   ; On                 ; On                 ;
; Strict RAM Replacement                                                          ; Off                ; Off                ;
; Allow Synchronous Control Signals                                               ; On                 ; On                 ;
; Force Use of Synchronous Clear Signals                                          ; Off                ; Off                ;
; Auto Resource Sharing                                                           ; Off                ; Off                ;
; Allow Any RAM Size For Recognition                                              ; Off                ; Off                ;
; Allow Any ROM Size For Recognition                                              ; Off                ; Off                ;
; Allow Any Shift Register Size For Recognition                                   ; Off                ; Off                ;
; Use LogicLock Constraints during Resource Balancing                             ; On                 ; On                 ;
; Ignore translate_off and synthesis_off directives                               ; Off                ; Off                ;
; Timing-Driven Synthesis                                                         ; On                 ; On                 ;
; Report Parameter Settings                                                       ; On                 ; On                 ;
; Report Source Assignments                                                       ; On                 ; On                 ;
; Report Connectivity Checks                                                      ; On                 ; On                 ;
; Ignore Maximum Fan-Out Assignments                                              ; Off                ; Off                ;
; Synchronization Register Chain Length                                           ; 3                  ; 3                  ;
; Power Optimization During Synthesis                                             ; Normal compilation ; Normal compilation ;
; HDL message level                                                               ; Level2             ; Level2             ;
; Suppress Register Optimization Related Messages                                 ; Off                ; Off                ;
; Number of Removed Registers Reported in Synthesis Report                        ; 5000               ; 5000               ;
; Number of Swept Nodes Reported in Synthesis Report                              ; 5000               ; 5000               ;
; Number of Inverted Registers Reported in Synthesis Report                       ; 100                ; 100                ;
; Clock MUX Protection                                                            ; On                 ; On                 ;
; Auto Gated Clock Conversion                                                     ; Off                ; Off                ;
; Block Design Naming                                                             ; Auto               ; Auto               ;
; SDC constraint protection                                                       ; Off                ; Off                ;
; Synthesis Effort                                                                ; Auto               ; Auto               ;
; Shift Register Replacement - Allow Asynchronous Clear Signal                    ; On                 ; On                 ;
; Pre-Mapping Resynthesis Optimization                                            ; Off                ; Off                ;
; Analysis & Synthesis Message Level                                              ; Medium             ; Medium             ;
; Disable Register Merging Across Hierarchies                                     ; Auto               ; Auto               ;
; Resource Aware Inference For Block RAM                                          ; On                 ; On                 ;
; Automatic Parallel Synthesis                                                    ; On                 ; On                 ;
; Partial Reconfiguration Bitstream ID                                            ; Off                ; Off                ;
+---------------------------------------------------------------------------------+--------------------+--------------------+


+------------------------------------------+
; Parallel Compilation                     ;
+----------------------------+-------------+
; Processors                 ; Number      ;
+----------------------------+-------------+
; Number detected on machine ; 8           ;
; Maximum allowed            ; 4           ;
;                            ;             ;
; Average used               ; 1.00        ;
; Maximum used               ; 4           ;
;                            ;             ;
; Usage by Processor         ; % Time Used ;
;     Processor 1            ; 100.0%      ;
;     Processors 2-4         ;   0.0%      ;
+----------------------------+-------------+


+-------------------------------------------------------------------------------------------------------------------------------------------------------------------------------------------------------------------------------+
; Analysis & Synthesis Source Files Read                                                                                                                                                                                        ;
+--------------------------------------------------------------+-----------------+------------------------+-----------------------------------------------------------------------------------------------------------+---------+
; File Name with User-Entered Path                             ; Used in Netlist ; File Type              ; File Name with Absolute Path                                                                              ; Library ;
+--------------------------------------------------------------+-----------------+------------------------+-----------------------------------------------------------------------------------------------------------+---------+
; ../ELEC5566M-Unit3-el21ycl/3-2-LT24TestProject/LT24Display.v ; yes             ; User Verilog HDL File  ; C:/Users/lin/Documents/GitHub/el21ycl/Workspace/ELEC5566M-Unit3-el21ycl/3-2-LT24TestProject/LT24Display.v ;         ;
; MiniProject.v                                                ; yes             ; User Verilog HDL File  ; C:/Users/lin/Documents/GitHub/el21ycl/Workspace/ELEC5566M-Mini-Project-el21ycl/MiniProject.v              ;         ;
; HexTo7Segment.v                                              ; yes             ; User Verilog HDL File  ; C:/Users/lin/Documents/GitHub/el21ycl/Workspace/ELEC5566M-Mini-Project-el21ycl/HexTo7Segment.v            ;         ;
; Timer.v                                                      ; yes             ; User Verilog HDL File  ; C:/Users/lin/Documents/GitHub/el21ycl/Workspace/ELEC5566M-Mini-Project-el21ycl/Timer.v                    ;         ;
; LT24.v                                                       ; yes             ; User Verilog HDL File  ; C:/Users/lin/Documents/GitHub/el21ycl/Workspace/ELEC5566M-Mini-Project-el21ycl/LT24.v                     ;         ;
; score.v                                                      ; yes             ; User Verilog HDL File  ; C:/Users/lin/Documents/GitHub/el21ycl/Workspace/ELEC5566M-Mini-Project-el21ycl/score.v                    ;         ;
+--------------------------------------------------------------+-----------------+------------------------+-----------------------------------------------------------------------------------------------------------+---------+


+-----------------------------------------------------------+
; Analysis & Synthesis Resource Usage Summary               ;
+---------------------------------------------+-------------+
; Resource                                    ; Usage       ;
+---------------------------------------------+-------------+
; Estimate of Logic utilization (ALMs needed) ; 216         ;
;                                             ;             ;
; Combinational ALUT usage for logic          ; 353         ;
;     -- 7 input functions                    ; 2           ;
;     -- 6 input functions                    ; 67          ;
;     -- 5 input functions                    ; 64          ;
;     -- 4 input functions                    ; 30          ;
;     -- <=3 input functions                  ; 190         ;
;                                             ;             ;
; Dedicated logic registers                   ; 256         ;
;                                             ;             ;
; I/O pins                                    ; 84          ;
;                                             ;             ;
; Total DSP Blocks                            ; 0           ;
;                                             ;             ;
; Maximum fan-out node                        ; clock~input ;
; Maximum fan-out                             ; 240         ;
; Total fan-out                               ; 2409        ;
; Average fan-out                             ; 3.10        ;
+---------------------------------------------+-------------+


+------------------------------------------------------------------------------------------------------------------------------------------------------------------------------------------------------------------------------------------------------------------------------+
; Analysis & Synthesis Resource Utilization by Entity                                                                                                                                                                                                                          ;
+-----------------------------------------------+---------------------+---------------------------+-------------------+------------+------+--------------+-------------------------------------------------------------------------------+----------------------+--------------+
; Compilation Hierarchy Node                    ; Combinational ALUTs ; Dedicated Logic Registers ; Block Memory Bits ; DSP Blocks ; Pins ; Virtual Pins ; Full Hierarchy Name                                                           ; Entity Name          ; Library Name ;
+-----------------------------------------------+---------------------+---------------------------+-------------------+------------+------+--------------+-------------------------------------------------------------------------------+----------------------+--------------+
; |MiniProject                                  ; 353 (5)             ; 256 (12)                  ; 0                 ; 0          ; 84   ; 0            ; |MiniProject                                                                  ; MiniProject          ; work         ;
;    |HexTo7Segment:TheH1|                      ; 8 (8)               ; 0 (0)                     ; 0                 ; 0          ; 0    ; 0            ; |MiniProject|HexTo7Segment:TheH1                                              ; HexTo7Segment        ; work         ;
;    |HexTo7Segment:TheH2|                      ; 8 (8)               ; 0 (0)                     ; 0                 ; 0          ; 0    ; 0            ; |MiniProject|HexTo7Segment:TheH2                                              ; HexTo7Segment        ; work         ;
;    |HexTo7Segment:Theone|                     ; 7 (7)               ; 0 (0)                     ; 0                 ; 0          ; 0    ; 0            ; |MiniProject|HexTo7Segment:Theone                                             ; HexTo7Segment        ; work         ;
;    |HexTo7Segment:Thescore1|                  ; 7 (7)               ; 0 (0)                     ; 0                 ; 0          ; 0    ; 0            ; |MiniProject|HexTo7Segment:Thescore1                                          ; HexTo7Segment        ; work         ;
;    |HexTo7Segment:Thescore2|                  ; 8 (8)               ; 0 (0)                     ; 0                 ; 0          ; 0    ; 0            ; |MiniProject|HexTo7Segment:Thescore2                                          ; HexTo7Segment        ; work         ;
;    |HexTo7Segment:theten|                     ; 7 (7)               ; 0 (0)                     ; 0                 ; 0          ; 0    ; 0            ; |MiniProject|HexTo7Segment:theten                                             ; HexTo7Segment        ; work         ;
;    |LT24:LT24|                                ; 196 (54)            ; 163 (58)                  ; 0                 ; 0          ; 0    ; 0            ; |MiniProject|LT24:LT24                                                        ; LT24                 ; work         ;
;       |LT24Display:Display|                   ; 118 (61)            ; 88 (51)                   ; 0                 ; 0          ; 0    ; 0            ; |MiniProject|LT24:LT24|LT24Display:Display                                    ; LT24Display          ; work         ;
;          |LT24DisplayInterface:LT24Interface| ; 30 (30)             ; 24 (24)                   ; 0                 ; 0          ; 0    ; 0            ; |MiniProject|LT24:LT24|LT24Display:Display|LT24DisplayInterface:LT24Interface ; LT24DisplayInterface ; work         ;
;          |LT24InitialData:initDataRom|        ; 27 (27)             ; 9 (9)                     ; 0                 ; 0          ; 0    ; 0            ; |MiniProject|LT24:LT24|LT24Display:Display|LT24InitialData:initDataRom        ; LT24InitialData      ; work         ;
;          |ResetSynchroniser:resetGen|         ; 0 (0)               ; 4 (4)                     ; 0                 ; 0          ; 0    ; 0            ; |MiniProject|LT24:LT24|LT24Display:Display|ResetSynchroniser:resetGen         ; ResetSynchroniser    ; work         ;
;       |UpCounterNbit:xCounter|                ; 12 (12)             ; 8 (8)                     ; 0                 ; 0          ; 0    ; 0            ; |MiniProject|LT24:LT24|UpCounterNbit:xCounter                                 ; UpCounterNbit        ; work         ;
;       |UpCounterNbit:yCounter|                ; 12 (12)             ; 9 (9)                     ; 0                 ; 0          ; 0    ; 0            ; |MiniProject|LT24:LT24|UpCounterNbit:yCounter                                 ; UpCounterNbit        ; work         ;
;    |Timer:Timer|                              ; 72 (72)             ; 49 (49)                   ; 0                 ; 0          ; 0    ; 0            ; |MiniProject|Timer:Timer                                                      ; Timer                ; work         ;
;    |score:Therecord|                          ; 35 (35)             ; 32 (32)                   ; 0                 ; 0          ; 0    ; 0            ; |MiniProject|score:Therecord                                                  ; score                ; work         ;
+-----------------------------------------------+---------------------+---------------------------+-------------------+------------+------+--------------+-------------------------------------------------------------------------------+----------------------+--------------+
Note: For table entries with two numbers listed, the numbers in parentheses indicate the number of resources of the given type used by the specific entity alone. The numbers listed outside of parentheses indicate the total resources of the given type used by the specific entity and all of its sub-entities in the hierarchy.


Encoding Type:  One-Hot
+---------------------------------------------------------------------------+
; State Machine - |MiniProject|state                                        ;
+-------------------+-------------------+----------------+------------------+
; Name              ; state.start_STATE ; state.GG_STATE ; state.Play_STATE ;
+-------------------+-------------------+----------------+------------------+
; state.start_STATE ; 0                 ; 0              ; 0                ;
; state.Play_STATE  ; 1                 ; 0              ; 1                ;
; state.GG_STATE    ; 1                 ; 1              ; 0                ;
+-------------------+-------------------+----------------+------------------+


Encoding Type:  One-Hot
+-----------------------------------------------------------------------------------------------------------------------------------------------------------------------------------------------------------------------------------------------------------------------------------------------------------------------------------+
; State Machine - |MiniProject|LT24:LT24|LT24Display:Display|stateMachine                                                                                                                                                                                                                                                           ;
+---------------------------+-------------------------+--------------------------+---------------------------+---------------------------+--------------------------+---------------------------+---------------------------+--------------------------+------------------------+-------------------------+-------------------------+
; Name                      ; stateMachine.IDLE_STATE ; stateMachine.CASET_STATE ; stateMachine.XHADDR_STATE ; stateMachine.XLADDR_STATE ; stateMachine.PASET_STATE ; stateMachine.YHADDR_STATE ; stateMachine.YLADDR_STATE ; stateMachine.WRITE_STATE ; stateMachine.CMD_STATE ; stateMachine.LOAD_STATE ; stateMachine.INIT_STATE ;
+---------------------------+-------------------------+--------------------------+---------------------------+---------------------------+--------------------------+---------------------------+---------------------------+--------------------------+------------------------+-------------------------+-------------------------+
; stateMachine.INIT_STATE   ; 0                       ; 0                        ; 0                         ; 0                         ; 0                        ; 0                         ; 0                         ; 0                        ; 0                      ; 0                       ; 0                       ;
; stateMachine.LOAD_STATE   ; 0                       ; 0                        ; 0                         ; 0                         ; 0                        ; 0                         ; 0                         ; 0                        ; 0                      ; 1                       ; 1                       ;
; stateMachine.CMD_STATE    ; 0                       ; 0                        ; 0                         ; 0                         ; 0                        ; 0                         ; 0                         ; 0                        ; 1                      ; 0                       ; 1                       ;
; stateMachine.WRITE_STATE  ; 0                       ; 0                        ; 0                         ; 0                         ; 0                        ; 0                         ; 0                         ; 1                        ; 0                      ; 0                       ; 1                       ;
; stateMachine.YLADDR_STATE ; 0                       ; 0                        ; 0                         ; 0                         ; 0                        ; 0                         ; 1                         ; 0                        ; 0                      ; 0                       ; 1                       ;
; stateMachine.YHADDR_STATE ; 0                       ; 0                        ; 0                         ; 0                         ; 0                        ; 1                         ; 0                         ; 0                        ; 0                      ; 0                       ; 1                       ;
; stateMachine.PASET_STATE  ; 0                       ; 0                        ; 0                         ; 0                         ; 1                        ; 0                         ; 0                         ; 0                        ; 0                      ; 0                       ; 1                       ;
; stateMachine.XLADDR_STATE ; 0                       ; 0                        ; 0                         ; 1                         ; 0                        ; 0                         ; 0                         ; 0                        ; 0                      ; 0                       ; 1                       ;
; stateMachine.XHADDR_STATE ; 0                       ; 0                        ; 1                         ; 0                         ; 0                        ; 0                         ; 0                         ; 0                        ; 0                      ; 0                       ; 1                       ;
; stateMachine.CASET_STATE  ; 0                       ; 1                        ; 0                         ; 0                         ; 0                        ; 0                         ; 0                         ; 0                        ; 0                      ; 0                       ; 1                       ;
; stateMachine.IDLE_STATE   ; 1                       ; 0                        ; 0                         ; 0                         ; 0                        ; 0                         ; 0                         ; 0                        ; 0                      ; 0                       ; 1                       ;
+---------------------------+-------------------------+--------------------------+---------------------------+---------------------------+--------------------------+---------------------------+---------------------------+--------------------------+------------------------+-------------------------+-------------------------+


+--------------------------------------------------------------------------------------------------------------------+
; Registers Removed During Synthesis                                                                                 ;
+------------------------------------------------------+-------------------------------------------------------------+
; Register name                                        ; Reason for Removal                                          ;
+------------------------------------------------------+-------------------------------------------------------------+
; LT24:LT24|LT24Display:Display|xAddrTemp[8..15]       ; Stuck at GND due to stuck port data_in                      ;
; LT24:LT24|LT24Display:Display|yAddrTemp[9..15]       ; Stuck at GND due to stuck port data_in                      ;
; LT24:LT24|LT24Display:Display|displayData[8,9]       ; Merged with LT24:LT24|LT24Display:Display|displayData[10]   ;
; LT24:LT24|LT24Display:Display|displayData[12..15]    ; Merged with LT24:LT24|LT24Display:Display|displayData[11]   ;
; LT24:LT24|LT24Display:Display|pixelDataTemp[1..4]    ; Merged with LT24:LT24|LT24Display:Display|pixelDataTemp[0]  ;
; LT24:LT24|LT24Display:Display|pixelDataTemp[5..9]    ; Merged with LT24:LT24|LT24Display:Display|pixelDataTemp[10] ;
; LT24:LT24|LT24Display:Display|pixelDataTemp[12..15]  ; Merged with LT24:LT24|LT24Display:Display|pixelDataTemp[11] ;
; LT24:LT24|state_c[3,4]                               ; Merged with LT24:LT24|state_c[2]                            ;
; LT24:LT24|pixelData[1..4]                            ; Merged with LT24:LT24|pixelData[0]                          ;
; LT24:LT24|pixelData[5..9]                            ; Merged with LT24:LT24|pixelData[10]                         ;
; LT24:LT24|pixelData[12..15]                          ; Merged with LT24:LT24|pixelData[11]                         ;
; LT24:LT24|state_c[2]                                 ; Stuck at GND due to stuck port data_in                      ;
; state~6                                              ; Lost fanout                                                 ;
; state~7                                              ; Lost fanout                                                 ;
; state~8                                              ; Lost fanout                                                 ;
; LT24:LT24|LT24Display:Display|stateMachine~15        ; Lost fanout                                                 ;
; LT24:LT24|LT24Display:Display|stateMachine~16        ; Lost fanout                                                 ;
; LT24:LT24|LT24Display:Display|stateMachine~17        ; Lost fanout                                                 ;
; LT24:LT24|LT24Display:Display|stateMachine~18        ; Lost fanout                                                 ;
; LT24:LT24|LT24Display:Display|stateMachine.CMD_STATE ; Stuck at GND due to stuck port data_in                      ;
; Total Number of Removed Registers = 58               ;                                                             ;
+------------------------------------------------------+-------------------------------------------------------------+


+------------------------------------------------------+
; General Register Statistics                          ;
+----------------------------------------------+-------+
; Statistic                                    ; Value ;
+----------------------------------------------+-------+
; Total registers                              ; 256   ;
; Number of registers using Synchronous Clear  ; 114   ;
; Number of registers using Synchronous Load   ; 8     ;
; Number of registers using Asynchronous Clear ; 157   ;
; Number of registers using Asynchronous Load  ; 0     ;
; Number of registers using Clock Enable       ; 214   ;
; Number of registers using Preset             ; 0     ;
+----------------------------------------------+-------+


+---------------------------------------------------------------------------------+
; Inverted Register Statistics                                                    ;
+-----------------------------------------------------------------------+---------+
; Inverted Register                                                     ; Fan out ;
+-----------------------------------------------------------------------+---------+
; Timer:Timer|count_ten[0]                                              ; 9       ;
; P~reg0                                                                ; 2       ;
; Timer:Timer|count_one[0]                                              ; 9       ;
; Timer:Timer|count_one[2]                                              ; 9       ;
; LT24:LT24|LT24Display:Display|ResetSynchroniser:resetGen|resetSync[3] ; 61      ;
; LT24:LT24|LT24Display:Display|displayRegSelect                        ; 2       ;
; LT24:LT24|LT24Display:Display|ResetSynchroniser:resetGen|resetSync[2] ; 1       ;
; LT24:LT24|LT24Display:Display|ResetSynchroniser:resetGen|resetSync[1] ; 1       ;
; LT24:LT24|LT24Display:Display|ResetSynchroniser:resetGen|resetSync[0] ; 1       ;
; Total number of inverted registers = 9                                ;         ;
+-----------------------------------------------------------------------+---------+


+---------------------------------------------------------------------------------------------------------------------------------------------------------------------------+
; Multiplexer Restructuring Statistics (Restructuring Performed)                                                                                                            ;
+--------------------+-----------+---------------+----------------------+------------------------+------------+-------------------------------------------------------------+
; Multiplexer Inputs ; Bus Width ; Baseline Area ; Area if Restructured ; Saving if Restructured ; Registered ; Example Multiplexer Output                                  ;
+--------------------+-----------+---------------+----------------------+------------------------+------------+-------------------------------------------------------------+
; 3:1                ; 16 bits   ; 32 LEs        ; 0 LEs                ; 32 LEs                 ; Yes        ; |MiniProject|score:Therecord|High_one[0]                    ;
; 4:1                ; 8 bits    ; 16 LEs        ; 0 LEs                ; 16 LEs                 ; Yes        ; |MiniProject|LT24:LT24|UpCounterNbit:xCounter|countValue[7] ;
; 4:1                ; 9 bits    ; 18 LEs        ; 0 LEs                ; 18 LEs                 ; Yes        ; |MiniProject|LT24:LT24|UpCounterNbit:yCounter|countValue[1] ;
; 8:1                ; 2 bits    ; 10 LEs        ; 2 LEs                ; 8 LEs                  ; Yes        ; |MiniProject|LT24:LT24|LT24Display:Display|displayData[11]  ;
; 14:1               ; 3 bits    ; 27 LEs        ; 9 LEs                ; 18 LEs                 ; Yes        ; |MiniProject|LT24:LT24|LT24Display:Display|displayData[7]   ;
; 16:1               ; 2 bits    ; 20 LEs        ; 8 LEs                ; 12 LEs                 ; Yes        ; |MiniProject|LT24:LT24|LT24Display:Display|displayData[5]   ;
; 8:1                ; 4 bits    ; 20 LEs        ; 12 LEs               ; 8 LEs                  ; No         ; |MiniProject|LT24:LT24|LT24Display:Display|Selector8        ;
+--------------------+-----------+---------------+----------------------+------------------------+------------+-------------------------------------------------------------+


+-------------------------------------------------------+
; Source assignments for Top-level Entity: |MiniProject ;
+------------+----------+------+------------------------+
; Assignment ; Value    ; From ; To                     ;
+------------+----------+------+------------------------+
; LOCATION   ; Pin_Y21  ; -    ; LED[8]                 ;
; LOCATION   ; Pin_W21  ; -    ; LED[7]                 ;
; LOCATION   ; Pin_W20  ; -    ; LED[6]                 ;
; LOCATION   ; Pin_Y19  ; -    ; LED[5]                 ;
; LOCATION   ; Pin_W19  ; -    ; LED[4]                 ;
; LOCATION   ; Pin_W17  ; -    ; LED[3]                 ;
; LOCATION   ; Pin_V18  ; -    ; LED[2]                 ;
; LOCATION   ; Pin_V17  ; -    ; LED[1]                 ;
; LOCATION   ; Pin_W16  ; -    ; LED[0]                 ;
; LOCATION   ; Pin_AH28 ; -    ; Hex0[6]                ;
; LOCATION   ; Pin_AG28 ; -    ; Hex0[5]                ;
; LOCATION   ; Pin_AF28 ; -    ; Hex0[4]                ;
; LOCATION   ; Pin_AG27 ; -    ; Hex0[3]                ;
; LOCATION   ; Pin_AE28 ; -    ; Hex0[2]                ;
; LOCATION   ; Pin_AE27 ; -    ; Hex0[1]                ;
; LOCATION   ; Pin_AE26 ; -    ; Hex0[0]                ;
; LOCATION   ; Pin_AD27 ; -    ; Hex1[6]                ;
; LOCATION   ; Pin_AF30 ; -    ; Hex1[5]                ;
; LOCATION   ; Pin_AF29 ; -    ; Hex1[4]                ;
; LOCATION   ; Pin_AG30 ; -    ; Hex1[3]                ;
; LOCATION   ; Pin_AH30 ; -    ; Hex1[2]                ;
; LOCATION   ; Pin_AH29 ; -    ; Hex1[1]                ;
; LOCATION   ; Pin_AJ29 ; -    ; Hex1[0]                ;
; LOCATION   ; Pin_AC30 ; -    ; Hex2[6]                ;
; LOCATION   ; Pin_AC29 ; -    ; Hex2[5]                ;
; LOCATION   ; Pin_AD30 ; -    ; Hex2[4]                ;
; LOCATION   ; Pin_AC28 ; -    ; Hex2[3]                ;
; LOCATION   ; Pin_AD29 ; -    ; Hex2[2]                ;
; LOCATION   ; Pin_AE29 ; -    ; Hex2[1]                ;
; LOCATION   ; Pin_AB23 ; -    ; Hex2[0]                ;
; LOCATION   ; Pin_AB22 ; -    ; Hex3[6]                ;
; LOCATION   ; Pin_AB25 ; -    ; Hex3[5]                ;
; LOCATION   ; Pin_AB28 ; -    ; Hex3[4]                ;
; LOCATION   ; Pin_AC25 ; -    ; Hex3[3]                ;
; LOCATION   ; Pin_AD25 ; -    ; Hex3[2]                ;
; LOCATION   ; Pin_AC27 ; -    ; Hex3[1]                ;
; LOCATION   ; Pin_AD26 ; -    ; Hex3[0]                ;
; LOCATION   ; Pin_W25  ; -    ; Hex4[6]                ;
; LOCATION   ; Pin_V23  ; -    ; Hex4[5]                ;
; LOCATION   ; Pin_W24  ; -    ; Hex4[4]                ;
; LOCATION   ; Pin_W22  ; -    ; Hex4[3]                ;
; LOCATION   ; Pin_Y24  ; -    ; Hex4[2]                ;
; LOCATION   ; Pin_Y23  ; -    ; Hex4[1]                ;
; LOCATION   ; Pin_AA24 ; -    ; Hex4[0]                ;
; LOCATION   ; Pin_AA25 ; -    ; Hex5[6]                ;
; LOCATION   ; Pin_AA26 ; -    ; Hex5[5]                ;
; LOCATION   ; Pin_AB26 ; -    ; Hex5[4]                ;
; LOCATION   ; Pin_AB27 ; -    ; Hex5[3]                ;
; LOCATION   ; Pin_Y27  ; -    ; Hex5[2]                ;
; LOCATION   ; Pin_AA28 ; -    ; Hex5[1]                ;
; LOCATION   ; Pin_V25  ; -    ; Hex5[0]                ;
; LOCATION   ; Pin_AF14 ; -    ; clock                  ;
; LOCATION   ; Pin_AA14 ; -    ; reset                  ;
; LOCATION   ; Pin_Y16  ; -    ; key_R                  ;
; LOCATION   ; Pin_W15  ; -    ; key_G                  ;
; LOCATION   ; Pin_AA15 ; -    ; key_B                  ;
; LOCATION   ; Pin_AE12 ; -    ; r                      ;
; LOCATION   ; Pin_AB12 ; -    ; Switch                 ;
+------------+----------+------+------------------------+


+------------------------------------------------------+
; Source assignments for LT24:LT24|LT24Display:Display ;
+-----------------+-------+------+---------------------+
; Assignment      ; Value ; From ; To                  ;
+-----------------+-------+------+---------------------+
; MESSAGE_DISABLE ; 10030 ; -    ; -                   ;
+-----------------+-------+------+---------------------+


+-----------------------------------------------------------------------------+
; Parameter Settings for User Entity Instance: Top-level Entity: |MiniProject ;
+----------------+-------+----------------------------------------------------+
; Parameter Name ; Value ; Type                                               ;
+----------------+-------+----------------------------------------------------+
; N              ; 4     ; Signed Integer                                     ;
+----------------+-------+----------------------------------------------------+
Note: In order to hide this table in the UI and the text report file, please set the "Show Parameter Settings in Synthesis Report" option in "Analysis and Synthesis Settings -> More Settings" to "Off".


+----------------------------------------------------------+
; Parameter Settings for User Entity Instance: Timer:Timer ;
+----------------+----------+------------------------------+
; Parameter Name ; Value    ; Type                         ;
+----------------+----------+------------------------------+
; Time           ; 50000000 ; Signed Integer               ;
; ones           ; 5        ; Signed Integer               ;
; tens           ; 1        ; Signed Integer               ;
+----------------+----------+------------------------------+
Note: In order to hide this table in the UI and the text report file, please set the "Show Parameter Settings in Synthesis Report" option in "Analysis and Synthesis Settings -> More Settings" to "Off".


+----------------------------------------------------------------------------+
; Parameter Settings for User Entity Instance: LT24:LT24|LT24Display:Display ;
+----------------+----------+------------------------------------------------+
; Parameter Name ; Value    ; Type                                           ;
+----------------+----------+------------------------------------------------+
; CLOCK_FREQ     ; 50000000 ; Signed Integer                                 ;
; WIDTH          ; 240      ; Signed Integer                                 ;
; HEIGHT         ; 320      ; Signed Integer                                 ;
; XBITS          ; 8        ; Signed Integer                                 ;
; YBITS          ; 9        ; Signed Integer                                 ;
+----------------+----------+------------------------------------------------+
Note: In order to hide this table in the UI and the text report file, please set the "Show Parameter Settings in Synthesis Report" option in "Analysis and Synthesis Settings -> More Settings" to "Off".


+--------------------------------------------------------------------------------------------------------+
; Parameter Settings for User Entity Instance: LT24:LT24|LT24Display:Display|LT24InitialData:initDataRom ;
+----------------+-------+-------------------------------------------------------------------------------+
; Parameter Name ; Value ; Type                                                                          ;
+----------------+-------+-------------------------------------------------------------------------------+
; WIDTH          ; 240   ; Signed Integer                                                                ;
; HEIGHT         ; 320   ; Signed Integer                                                                ;
+----------------+-------+-------------------------------------------------------------------------------+
Note: In order to hide this table in the UI and the text report file, please set the "Show Parameter Settings in Synthesis Report" option in "Analysis and Synthesis Settings -> More Settings" to "Off".


+---------------------------------------------------------------------------------------------------------------+
; Parameter Settings for User Entity Instance: LT24:LT24|LT24Display:Display|LT24DisplayInterface:LT24Interface ;
+----------------+----------+-----------------------------------------------------------------------------------+
; Parameter Name ; Value    ; Type                                                                              ;
+----------------+----------+-----------------------------------------------------------------------------------+
; CLOCK_FREQ     ; 50000000 ; Signed Integer                                                                    ;
+----------------+----------+-----------------------------------------------------------------------------------+
Note: In order to hide this table in the UI and the text report file, please set the "Show Parameter Settings in Synthesis Report" option in "Analysis and Synthesis Settings -> More Settings" to "Off".


+-------------------------------------------------------------------------------+
; Parameter Settings for User Entity Instance: LT24:LT24|UpCounterNbit:xCounter ;
+----------------+-------+------------------------------------------------------+
; Parameter Name ; Value ; Type                                                 ;
+----------------+-------+------------------------------------------------------+
; WIDTH          ; 8     ; Signed Integer                                       ;
; INCREMENT      ; 1     ; Signed Integer                                       ;
; MAX_VALUE      ; 239   ; Signed Integer                                       ;
+----------------+-------+------------------------------------------------------+
Note: In order to hide this table in the UI and the text report file, please set the "Show Parameter Settings in Synthesis Report" option in "Analysis and Synthesis Settings -> More Settings" to "Off".


+-------------------------------------------------------------------------------+
; Parameter Settings for User Entity Instance: LT24:LT24|UpCounterNbit:yCounter ;
+----------------+-------+------------------------------------------------------+
; Parameter Name ; Value ; Type                                                 ;
+----------------+-------+------------------------------------------------------+
; WIDTH          ; 9     ; Signed Integer                                       ;
; INCREMENT      ; 1     ; Signed Integer                                       ;
; MAX_VALUE      ; 319   ; Signed Integer                                       ;
+----------------+-------+------------------------------------------------------+
Note: In order to hide this table in the UI and the text report file, please set the "Show Parameter Settings in Synthesis Report" option in "Analysis and Synthesis Settings -> More Settings" to "Off".


+-----------------------------------------------------------+
; Port Connectivity Checks: "LT24:LT24|LT24Display:Display" ;
+--------------+--------+----------+------------------------+
; Port         ; Type   ; Severity ; Details                ;
+--------------+--------+----------+------------------------+
; pixelRawMode ; Input  ; Info     ; Stuck at GND           ;
; cmdData      ; Input  ; Info     ; Stuck at GND           ;
; cmdWrite     ; Input  ; Info     ; Stuck at GND           ;
; cmdDone      ; Input  ; Info     ; Stuck at GND           ;
; cmdReady     ; Output ; Info     ; Explicitly unconnected ;
+--------------+--------+----------+------------------------+


+----------------------------------------------------------------------------------------------------------------------------------------------------------+
; Port Connectivity Checks: "LT24:LT24"                                                                                                                    ;
+---------+--------+----------+----------------------------------------------------------------------------------------------------------------------------+
; Port    ; Type   ; Severity ; Details                                                                                                                    ;
+---------+--------+----------+----------------------------------------------------------------------------------------------------------------------------+
; state_c ; Output ; Warning  ; Output or bidir port (5 bits) is wider than the port expression (1 bits) it drives; bit(s) "state_c[4..1]" have no fanouts ;
; state_c ; Output ; Info     ; Connected to dangling logic. Logic that only feeds a dangling port will be removed.                                        ;
+---------+--------+----------+----------------------------------------------------------------------------------------------------------------------------+


+-----------------------------------------------------+
; Post-Synthesis Netlist Statistics for Top Partition ;
+-----------------------+-----------------------------+
; Type                  ; Count                       ;
+-----------------------+-----------------------------+
; arriav_ff             ; 256                         ;
;     CLR               ; 24                          ;
;     CLR SCLR          ; 8                           ;
;     ENA               ; 23                          ;
;     ENA CLR           ; 77                          ;
;     ENA CLR SCLR      ; 40                          ;
;     ENA CLR SLD       ; 8                           ;
;     ENA SCLR          ; 66                          ;
;     plain             ; 10                          ;
; arriav_lcell_comb     ; 362                         ;
;     arith             ; 143                         ;
;         1 data inputs ; 141                         ;
;         2 data inputs ; 2                           ;
;     extend            ; 2                           ;
;         7 data inputs ; 2                           ;
;     normal            ; 217                         ;
;         0 data inputs ; 2                           ;
;         1 data inputs ; 13                          ;
;         2 data inputs ; 14                          ;
;         3 data inputs ; 27                          ;
;         4 data inputs ; 30                          ;
;         5 data inputs ; 64                          ;
;         6 data inputs ; 67                          ;
; boundary_port         ; 84                          ;
;                       ;                             ;
; Max LUT depth         ; 5.00                        ;
; Average LUT depth     ; 2.57                        ;
+-----------------------+-----------------------------+


+-------------------------------+
; Elapsed Time Per Partition    ;
+----------------+--------------+
; Partition Name ; Elapsed Time ;
+----------------+--------------+
; Top            ; 00:00:01     ;
+----------------+--------------+


+-------------------------------+
; Analysis & Synthesis Messages ;
+-------------------------------+
Info: *******************************************************************
Info: Running Quartus Prime Analysis & Synthesis
    Info: Version 17.1.0 Build 590 10/25/2017 SJ Lite Edition
    Info: Processing started: Sun May 29 20:28:00 2022
Info: Command: quartus_map --read_settings_files=on --write_settings_files=off MiniProject -c MiniProject
Warning (18236): Number of processors has not been specified which may cause overloading on shared machines.  Set the global assignment NUM_PARALLEL_PROCESSORS in your QSF to an appropriate value for best performance.
Info (20030): Parallel compilation is enabled and will use 4 of the 4 processors detected
Info (12021): Found 4 design units, including 4 entities, in source file /users/lin/documents/github/el21ycl/workspace/elec5566m-unit3-el21ycl/3-2-lt24testproject/lt24display.v
    Info (12023): Found entity 1: LT24Display File: C:/Users/lin/Documents/GitHub/el21ycl/Workspace/ELEC5566M-Unit3-el21ycl/3-2-LT24TestProject/LT24Display.v Line: 86
    Info (12023): Found entity 2: LT24DisplayInterface File: C:/Users/lin/Documents/GitHub/el21ycl/Workspace/ELEC5566M-Unit3-el21ycl/3-2-LT24TestProject/LT24Display.v Line: 409
    Info (12023): Found entity 3: ResetSynchroniser File: C:/Users/lin/Documents/GitHub/el21ycl/Workspace/ELEC5566M-Unit3-el21ycl/3-2-LT24TestProject/LT24Display.v Line: 493
    Info (12023): Found entity 4: LT24InitialData File: C:/Users/lin/Documents/GitHub/el21ycl/Workspace/ELEC5566M-Unit3-el21ycl/3-2-LT24TestProject/LT24Display.v Line: 523
Info (12021): Found 1 design units, including 1 entities, in source file miniproject.v
    Info (12023): Found entity 1: MiniProject File: C:/Users/lin/Documents/GitHub/el21ycl/Workspace/ELEC5566M-Mini-Project-el21ycl/MiniProject.v Line: 4
Info (12021): Found 1 design units, including 1 entities, in source file hexto7segment.v
    Info (12023): Found entity 1: HexTo7Segment File: C:/Users/lin/Documents/GitHub/el21ycl/Workspace/ELEC5566M-Mini-Project-el21ycl/HexTo7Segment.v Line: 4
Info (12021): Found 1 design units, including 1 entities, in source file stateto7segment.v
    Info (12023): Found entity 1: StateTo7Segment File: C:/Users/lin/Documents/GitHub/el21ycl/Workspace/ELEC5566M-Mini-Project-el21ycl/StateTo7Segment.v Line: 1
Info (12021): Found 1 design units, including 1 entities, in source file timer.v
    Info (12023): Found entity 1: Timer File: C:/Users/lin/Documents/GitHub/el21ycl/Workspace/ELEC5566M-Mini-Project-el21ycl/Timer.v Line: 6
Info (12021): Found 2 design units, including 2 entities, in source file lt24.v
    Info (12023): Found entity 1: LT24 File: C:/Users/lin/Documents/GitHub/el21ycl/Workspace/ELEC5566M-Mini-Project-el21ycl/LT24.v Line: 21
    Info (12023): Found entity 2: UpCounterNbit File: C:/Users/lin/Documents/GitHub/el21ycl/Workspace/ELEC5566M-Mini-Project-el21ycl/LT24.v Line: 339
Info (12021): Found 1 design units, including 1 entities, in source file score.v
    Info (12023): Found entity 1: score File: C:/Users/lin/Documents/GitHub/el21ycl/Workspace/ELEC5566M-Mini-Project-el21ycl/score.v Line: 6
Info (12021): Found 1 design units, including 1 entities, in source file miniproject_tb.v
    Info (12023): Found entity 1: MiniProject_tb File: C:/Users/lin/Documents/GitHub/el21ycl/Workspace/ELEC5566M-Mini-Project-el21ycl/MiniProject_tb.v Line: 31
Warning (10236): Verilog HDL Implicit Net warning at MiniProject.v(206): created implicit net for "state_c" File: C:/Users/lin/Documents/GitHub/el21ycl/Workspace/ELEC5566M-Mini-Project-el21ycl/MiniProject.v Line: 206
Info (12127): Elaborating entity "MiniProject" for the top level hierarchy
Warning (10034): Output port "LED[5..0]" at MiniProject.v(26) has no driver File: C:/Users/lin/Documents/GitHub/el21ycl/Workspace/ELEC5566M-Mini-Project-el21ycl/MiniProject.v Line: 26
Info (12128): Elaborating entity "Timer" for hierarchy "Timer:Timer" File: C:/Users/lin/Documents/GitHub/el21ycl/Workspace/ELEC5566M-Mini-Project-el21ycl/MiniProject.v Line: 172
Warning (10230): Verilog HDL assignment warning at Timer.v(26): truncated value with size 32 to match size of target (8) File: C:/Users/lin/Documents/GitHub/el21ycl/Workspace/ELEC5566M-Mini-Project-el21ycl/Timer.v Line: 26
Warning (10230): Verilog HDL assignment warning at Timer.v(27): truncated value with size 32 to match size of target (8) File: C:/Users/lin/Documents/GitHub/el21ycl/Workspace/ELEC5566M-Mini-Project-el21ycl/Timer.v Line: 27
Info (12128): Elaborating entity "HexTo7Segment" for hierarchy "HexTo7Segment:theten" File: C:/Users/lin/Documents/GitHub/el21ycl/Workspace/ELEC5566M-Mini-Project-el21ycl/MiniProject.v Line: 178
Info (12128): Elaborating entity "LT24" for hierarchy "LT24:LT24" File: C:/Users/lin/Documents/GitHub/el21ycl/Workspace/ELEC5566M-Mini-Project-el21ycl/MiniProject.v Line: 207
Info (12128): Elaborating entity "LT24Display" for hierarchy "LT24:LT24|LT24Display:Display" File: C:/Users/lin/Documents/GitHub/el21ycl/Workspace/ELEC5566M-Mini-Project-el21ycl/LT24.v Line: 93
Info (12128): Elaborating entity "ResetSynchroniser" for hierarchy "LT24:LT24|LT24Display:Display|ResetSynchroniser:resetGen" File: C:/Users/lin/Documents/GitHub/el21ycl/Workspace/ELEC5566M-Unit3-el21ycl/3-2-LT24TestProject/LT24Display.v Line: 157
Info (12128): Elaborating entity "LT24InitialData" for hierarchy "LT24:LT24|LT24Display:Display|LT24InitialData:initDataRom" File: C:/Users/lin/Documents/GitHub/el21ycl/Workspace/ELEC5566M-Unit3-el21ycl/3-2-LT24TestProject/LT24Display.v Line: 174
Info (12128): Elaborating entity "LT24DisplayInterface" for hierarchy "LT24:LT24|LT24Display:Display|LT24DisplayInterface:LT24Interface" File: C:/Users/lin/Documents/GitHub/el21ycl/Workspace/ELEC5566M-Unit3-el21ycl/3-2-LT24TestProject/LT24Display.v Line: 392
Info (12128): Elaborating entity "UpCounterNbit" for hierarchy "LT24:LT24|UpCounterNbit:xCounter" File: C:/Users/lin/Documents/GitHub/el21ycl/Workspace/ELEC5566M-Mini-Project-el21ycl/LT24.v Line: 107
Info (12128): Elaborating entity "UpCounterNbit" for hierarchy "LT24:LT24|UpCounterNbit:yCounter" File: C:/Users/lin/Documents/GitHub/el21ycl/Workspace/ELEC5566M-Mini-Project-el21ycl/LT24.v Line: 122
Info (12128): Elaborating entity "score" for hierarchy "score:Therecord" File: C:/Users/lin/Documents/GitHub/el21ycl/Workspace/ELEC5566M-Mini-Project-el21ycl/MiniProject.v Line: 219
Warning (10230): Verilog HDL assignment warning at score.v(20): truncated value with size 32 to match size of target (8) File: C:/Users/lin/Documents/GitHub/el21ycl/Workspace/ELEC5566M-Mini-Project-el21ycl/score.v Line: 20
Warning (10230): Verilog HDL assignment warning at score.v(21): truncated value with size 32 to match size of target (8) File: C:/Users/lin/Documents/GitHub/el21ycl/Workspace/ELEC5566M-Mini-Project-el21ycl/score.v Line: 21
Warning (10230): Verilog HDL assignment warning at score.v(39): truncated value with size 32 to match size of target (8) File: C:/Users/lin/Documents/GitHub/el21ycl/Workspace/ELEC5566M-Mini-Project-el21ycl/score.v Line: 39
Warning (10230): Verilog HDL assignment warning at score.v(40): truncated value with size 32 to match size of target (8) File: C:/Users/lin/Documents/GitHub/el21ycl/Workspace/ELEC5566M-Mini-Project-el21ycl/score.v Line: 40
Info (13014): Ignored 7 buffer(s)
    Info (13019): Ignored 7 SOFT buffer(s)
Info (276014): Found 1 instances of uninferred RAM logic
    Info (276004): RAM logic "LT24:LT24|LT24Display:Display|LT24InitialData:initDataRom|ROM" is uninferred due to inappropriate RAM size File: C:/Users/lin/Documents/GitHub/el21ycl/Workspace/ELEC5566M-Unit3-el21ycl/3-2-LT24TestProject/LT24Display.v Line: 540
Warning (12241): 1 hierarchies have connectivity warnings - see the Connectivity Checks report folder
Warning (13024): Output pins are stuck at VCC or GND
    Warning (13410): Pin "LED[0]" is stuck at GND File: C:/Users/lin/Documents/GitHub/el21ycl/Workspace/ELEC5566M-Mini-Project-el21ycl/MiniProject.v Line: 26
    Warning (13410): Pin "LED[1]" is stuck at GND File: C:/Users/lin/Documents/GitHub/el21ycl/Workspace/ELEC5566M-Mini-Project-el21ycl/MiniProject.v Line: 26
    Warning (13410): Pin "LED[2]" is stuck at GND File: C:/Users/lin/Documents/GitHub/el21ycl/Workspace/ELEC5566M-Mini-Project-el21ycl/MiniProject.v Line: 26
    Warning (13410): Pin "LED[3]" is stuck at GND File: C:/Users/lin/Documents/GitHub/el21ycl/Workspace/ELEC5566M-Mini-Project-el21ycl/MiniProject.v Line: 26
    Warning (13410): Pin "LED[4]" is stuck at GND File: C:/Users/lin/Documents/GitHub/el21ycl/Workspace/ELEC5566M-Mini-Project-el21ycl/MiniProject.v Line: 26
    Warning (13410): Pin "LED[5]" is stuck at GND File: C:/Users/lin/Documents/GitHub/el21ycl/Workspace/ELEC5566M-Mini-Project-el21ycl/MiniProject.v Line: 26
    Warning (13410): Pin "LT24Rd_n" is stuck at VCC File: C:/Users/lin/Documents/GitHub/el21ycl/Workspace/ELEC5566M-Mini-Project-el21ycl/MiniProject.v Line: 42
    Warning (13410): Pin "LT24CS_n" is stuck at GND File: C:/Users/lin/Documents/GitHub/el21ycl/Workspace/ELEC5566M-Mini-Project-el21ycl/MiniProject.v Line: 43
    Warning (13410): Pin "LT24LCDOn" is stuck at VCC File: C:/Users/lin/Documents/GitHub/el21ycl/Workspace/ELEC5566M-Mini-Project-el21ycl/MiniProject.v Line: 49
Info (286030): Timing-Driven Synthesis is running
Info (17049): 7 registers lost all their fanouts during netlist optimizations.
Info (144001): Generated suppressed messages file C:/Users/lin/Documents/GitHub/el21ycl/Workspace/ELEC5566M-Mini-Project-el21ycl/output_files/MiniProject.map.smsg
Info (16010): Generating hard_block partition "hard_block:auto_generated_inst"
    Info (16011): Adding 0 node(s), including 0 DDIO, 0 PLL, 0 transceiver and 0 LCELL
Info (21057): Implemented 512 device resources after synthesis - the final resource count might be different
    Info (21058): Implemented 7 input pins
    Info (21059): Implemented 77 output pins
    Info (21061): Implemented 428 logic cells
Info: Quartus Prime Analysis & Synthesis was successful. 0 errors, 21 warnings
    Info: Peak virtual memory: 4837 megabytes
    Info: Processing ended: Sun May 29 20:28:20 2022
    Info: Elapsed time: 00:00:20
    Info: Total CPU time (on all processors): 00:00:36


+------------------------------------------+
; Analysis & Synthesis Suppressed Messages ;
+------------------------------------------+
The suppressed messages can be found in C:/Users/lin/Documents/GitHub/el21ycl/Workspace/ELEC5566M-Mini-Project-el21ycl/output_files/MiniProject.map.smsg.


