14:54:04 **** Build of configuration Debug for project 1-2-FunctionPointers ****
make all 
'Building file: C:/Users/lin/Documents/GitHub/el21ycl/Workspace/ELEC5620M-Resources/Drivers/VFP_Enable/VFP_Enable.c'
'Invoking: ARM C Compiler 5'
armcc --cpu=Cortex-A9.no_neon.no_vfp --arm -I"C:\Users\lin\Documents\GitHub\el21ycl\Workspace\ELEC5620M-Resources\Drivers" -O0 -g --md --depend_format=unix_escaped --no_depend_system_headers --depend_dir="Drivers/VFP_Enable" -c -o "Drivers/VFP_Enable/VFP_Enable.o" "C:/Users/lin/Documents/GitHub/el21ycl/Workspace/ELEC5620M-Resources/Drivers/VFP_Enable/VFP_Enable.c"
'Finished building: C:/Users/lin/Documents/GitHub/el21ycl/Workspace/ELEC5620M-Resources/Drivers/VFP_Enable/VFP_Enable.c'
' '
'Building file: C:/Users/lin/Documents/GitHub/el21ycl/Workspace/ELEC5620M-Resources/Drivers/HPS_usleep/HPS_usleep.c'
'Invoking: ARM C Compiler 5'
armcc --cpu=Cortex-A9.no_neon.no_vfp --arm -I"C:\Users\lin\Documents\GitHub\el21ycl\Workspace\ELEC5620M-Resources\Drivers" -O0 -g --md --depend_format=unix_escaped --no_depend_system_headers --depend_dir="Drivers/HPS_usleep" -c -o "Drivers/HPS_usleep/HPS_usleep.o" "C:/Users/lin/Documents/GitHub/el21ycl/Workspace/ELEC5620M-Resources/Drivers/HPS_usleep/HPS_usleep.c"
'Finished building: C:/Users/lin/Documents/GitHub/el21ycl/Workspace/ELEC5620M-Resources/Drivers/HPS_usleep/HPS_usleep.c'
' '
'Building file: C:/Users/lin/Documents/GitHub/el21ycl/Workspace/ELEC5620M-Resources/Drivers/HPS_IRQ/HPS_IRQ.c'
'Invoking: ARM C Compiler 5'
armcc --cpu=Cortex-A9.no_neon.no_vfp --arm -I"C:\Users\lin\Documents\GitHub\el21ycl\Workspace\ELEC5620M-Resources\Drivers" -O0 -g --md --depend_format=unix_escaped --no_depend_system_headers --depend_dir="Drivers/HPS_IRQ" -c -o "Drivers/HPS_IRQ/HPS_IRQ.o" "C:/Users/lin/Documents/GitHub/el21ycl/Workspace/ELEC5620M-Resources/Drivers/HPS_IRQ/HPS_IRQ.c"
'Finished building: C:/Users/lin/Documents/GitHub/el21ycl/Workspace/ELEC5620M-Resources/Drivers/HPS_IRQ/HPS_IRQ.c'
' '
'Building file: C:/Users/lin/Documents/GitHub/el21ycl/Workspace/ELEC5620M-Resources/Drivers/HPS_I2C/HPS_I2C.c'
'Invoking: ARM C Compiler 5'
armcc --cpu=Cortex-A9.no_neon.no_vfp --arm -I"C:\Users\lin\Documents\GitHub\el21ycl\Workspace\ELEC5620M-Resources\Drivers" -O0 -g --md --depend_format=unix_escaped --no_depend_system_headers --depend_dir="Drivers/HPS_I2C" -c -o "Drivers/HPS_I2C/HPS_I2C.o" "C:/Users/lin/Documents/GitHub/el21ycl/Workspace/ELEC5620M-Resources/Drivers/HPS_I2C/HPS_I2C.c"
'Finished building: C:/Users/lin/Documents/GitHub/el21ycl/Workspace/ELEC5620M-Resources/Drivers/HPS_I2C/HPS_I2C.c'
' '
'Building file: C:/Users/lin/Documents/GitHub/el21ycl/Workspace/ELEC5620M-Resources/Drivers/FatFS/hwlib/alt_clock_manager.c'
'Invoking: ARM C Compiler 5'
armcc --cpu=Cortex-A9.no_neon.no_vfp --arm -I"C:\Users\lin\Documents\GitHub\el21ycl\Workspace\ELEC5620M-Resources\Drivers" -O0 -g --md --depend_format=unix_escaped --no_depend_system_headers --depend_dir="Drivers/FatFS/hwlib" -c -o "Drivers/FatFS/hwlib/alt_clock_manager.o" "C:/Users/lin/Documents/GitHub/el21ycl/Workspace/ELEC5620M-Resources/Drivers/FatFS/hwlib/alt_clock_manager.c"
'Finished building: C:/Users/lin/Documents/GitHub/el21ycl/Workspace/ELEC5620M-Resources/Drivers/FatFS/hwlib/alt_clock_manager.c'
' '
'Building file: C:/Users/lin/Documents/GitHub/el21ycl/Workspace/ELEC5620M-Resources/Drivers/FatFS/hwlib/alt_sdmmc.c'
'Invoking: ARM C Compiler 5'
armcc --cpu=Cortex-A9.no_neon.no_vfp --arm -I"C:\Users\lin\Documents\GitHub\el21ycl\Workspace\ELEC5620M-Resources\Drivers" -O0 -g --md --depend_format=unix_escaped --no_depend_system_headers --depend_dir="Drivers/FatFS/hwlib" -c -o "Drivers/FatFS/hwlib/alt_sdmmc.o" "C:/Users/lin/Documents/GitHub/el21ycl/Workspace/ELEC5620M-Resources/Drivers/FatFS/hwlib/alt_sdmmc.c"
'Finished building: C:/Users/lin/Documents/GitHub/el21ycl/Workspace/ELEC5620M-Resources/Drivers/FatFS/hwlib/alt_sdmmc.c'
' '
'Building file: C:/Users/lin/Documents/GitHub/el21ycl/Workspace/ELEC5620M-Resources/Drivers/FatFS/diskio_cyclonev.c'
'Invoking: ARM C Compiler 5'
armcc --cpu=Cortex-A9.no_neon.no_vfp --arm -I"C:\Users\lin\Documents\GitHub\el21ycl\Workspace\ELEC5620M-Resources\Drivers" -O0 -g --md --depend_format=unix_escaped --no_depend_system_headers --depend_dir="Drivers/FatFS" -c -o "Drivers/FatFS/diskio_cyclonev.o" "C:/Users/lin/Documents/GitHub/el21ycl/Workspace/ELEC5620M-Resources/Drivers/FatFS/diskio_cyclonev.c"
'Finished building: C:/Users/lin/Documents/GitHub/el21ycl/Workspace/ELEC5620M-Resources/Drivers/FatFS/diskio_cyclonev.c'
' '
'Building file: C:/Users/lin/Documents/GitHub/el21ycl/Workspace/ELEC5620M-Resources/Drivers/FatFS/ff.c'
'Invoking: ARM C Compiler 5'
armcc --cpu=Cortex-A9.no_neon.no_vfp --arm -I"C:\Users\lin\Documents\GitHub\el21ycl\Workspace\ELEC5620M-Resources\Drivers" -O0 -g --md --depend_format=unix_escaped --no_depend_system_headers --depend_dir="Drivers/FatFS" -c -o "Drivers/FatFS/ff.o" "C:/Users/lin/Documents/GitHub/el21ycl/Workspace/ELEC5620M-Resources/Drivers/FatFS/ff.c"
'Finished building: C:/Users/lin/Documents/GitHub/el21ycl/Workspace/ELEC5620M-Resources/Drivers/FatFS/ff.c'
' '
'Building file: C:/Users/lin/Documents/GitHub/el21ycl/Workspace/ELEC5620M-Resources/Drivers/FatFS/ffsystem.c'
'Invoking: ARM C Compiler 5'
armcc --cpu=Cortex-A9.no_neon.no_vfp --arm -I"C:\Users\lin\Documents\GitHub\el21ycl\Workspace\ELEC5620M-Resources\Drivers" -O0 -g --md --depend_format=unix_escaped --no_depend_system_headers --depend_dir="Drivers/FatFS" -c -o "Drivers/FatFS/ffsystem.o" "C:/Users/lin/Documents/GitHub/el21ycl/Workspace/ELEC5620M-Resources/Drivers/FatFS/ffsystem.c"
'Finished building: C:/Users/lin/Documents/GitHub/el21ycl/Workspace/ELEC5620M-Resources/Drivers/FatFS/ffsystem.c'
' '
'Building file: C:/Users/lin/Documents/GitHub/el21ycl/Workspace/ELEC5620M-Resources/Drivers/FatFS/ffunicode.c'
'Invoking: ARM C Compiler 5'
armcc --cpu=Cortex-A9.no_neon.no_vfp --arm -I"C:\Users\lin\Documents\GitHub\el21ycl\Workspace\ELEC5620M-Resources\Drivers" -O0 -g --md --depend_format=unix_escaped --no_depend_system_headers --depend_dir="Drivers/FatFS" -c -o "Drivers/FatFS/ffunicode.o" "C:/Users/lin/Documents/GitHub/el21ycl/Workspace/ELEC5620M-Resources/Drivers/FatFS/ffunicode.c"
'Finished building: C:/Users/lin/Documents/GitHub/el21ycl/Workspace/ELEC5620M-Resources/Drivers/FatFS/ffunicode.c'
' '
'Building file: C:/Users/lin/Documents/GitHub/el21ycl/Workspace/ELEC5620M-Resources/Drivers/DE1SoC_WM8731/DE1SoC_WM8731.c'
'Invoking: ARM C Compiler 5'
armcc --cpu=Cortex-A9.no_neon.no_vfp --arm -I"C:\Users\lin\Documents\GitHub\el21ycl\Workspace\ELEC5620M-Resources\Drivers" -O0 -g --md --depend_format=unix_escaped --no_depend_system_headers --depend_dir="Drivers/DE1SoC_WM8731" -c -o "Drivers/DE1SoC_WM8731/DE1SoC_WM8731.o" "C:/Users/lin/Documents/GitHub/el21ycl/Workspace/ELEC5620M-Resources/Drivers/DE1SoC_WM8731/DE1SoC_WM8731.c"
'Finished building: C:/Users/lin/Documents/GitHub/el21ycl/Workspace/ELEC5620M-Resources/Drivers/DE1SoC_WM8731/DE1SoC_WM8731.c'
' '
'Building file: C:/Users/lin/Documents/GitHub/el21ycl/Workspace/ELEC5620M-Resources/Drivers/DE1SoC_Servo/DE1SoC_Servo.c'
'Invoking: ARM C Compiler 5'
armcc --cpu=Cortex-A9.no_neon.no_vfp --arm -I"C:\Users\lin\Documents\GitHub\el21ycl\Workspace\ELEC5620M-Resources\Drivers" -O0 -g --md --depend_format=unix_escaped --no_depend_system_headers --depend_dir="Drivers/DE1SoC_Servo" -c -o "Drivers/DE1SoC_Servo/DE1SoC_Servo.o" "C:/Users/lin/Documents/GitHub/el21ycl/Workspace/ELEC5620M-Resources/Drivers/DE1SoC_Servo/DE1SoC_Servo.c"
'Finished building: C:/Users/lin/Documents/GitHub/el21ycl/Workspace/ELEC5620M-Resources/Drivers/DE1SoC_Servo/DE1SoC_Servo.c'
' '
'Building file: C:/Users/lin/Documents/GitHub/el21ycl/Workspace/ELEC5620M-Resources/Drivers/DE1SoC_Mandelbrot/DE1SoC_Mandelbrot.c'
'Invoking: ARM C Compiler 5'
armcc --cpu=Cortex-A9.no_neon.no_vfp --arm -I"C:\Users\lin\Documents\GitHub\el21ycl\Workspace\ELEC5620M-Resources\Drivers" -O0 -g --md --depend_format=unix_escaped --no_depend_system_headers --depend_dir="Drivers/DE1SoC_Mandelbrot" -c -o "Drivers/DE1SoC_Mandelbrot/DE1SoC_Mandelbrot.o" "C:/Users/lin/Documents/GitHub/el21ycl/Workspace/ELEC5620M-Resources/Drivers/DE1SoC_Mandelbrot/DE1SoC_Mandelbrot.c"
'Finished building: C:/Users/lin/Documents/GitHub/el21ycl/Workspace/ELEC5620M-Resources/Drivers/DE1SoC_Mandelbrot/DE1SoC_Mandelbrot.c'
' '
'Building file: C:/Users/lin/Documents/GitHub/el21ycl/Workspace/ELEC5620M-Resources/Drivers/DE1SoC_LT24/DE1SoC_LT24.c'
'Invoking: ARM C Compiler 5'
armcc --cpu=Cortex-A9.no_neon.no_vfp --arm -I"C:\Users\lin\Documents\GitHub\el21ycl\Workspace\ELEC5620M-Resources\Drivers" -O0 -g --md --depend_format=unix_escaped --no_depend_system_headers --depend_dir="Drivers/DE1SoC_LT24" -c -o "Drivers/DE1SoC_LT24/DE1SoC_LT24.o" "C:/Users/lin/Documents/GitHub/el21ycl/Workspace/ELEC5620M-Resources/Drivers/DE1SoC_LT24/DE1SoC_LT24.c"
'Finished building: C:/Users/lin/Documents/GitHub/el21ycl/Workspace/ELEC5620M-Resources/Drivers/DE1SoC_LT24/DE1SoC_LT24.c'
' '
'Building file: C:/Users/lin/Documents/GitHub/el21ycl/Workspace/ELEC5620M-Resources/Drivers/BasicFont/BasicFont.c'
'Invoking: ARM C Compiler 5'
armcc --cpu=Cortex-A9.no_neon.no_vfp --arm -I"C:\Users\lin\Documents\GitHub\el21ycl\Workspace\ELEC5620M-Resources\Drivers" -O0 -g --md --depend_format=unix_escaped --no_depend_system_headers --depend_dir="Drivers/BasicFont" -c -o "Drivers/BasicFont/BasicFont.o" "C:/Users/lin/Documents/GitHub/el21ycl/Workspace/ELEC5620M-Resources/Drivers/BasicFont/BasicFont.c"
'Finished building: C:/Users/lin/Documents/GitHub/el21ycl/Workspace/ELEC5620M-Resources/Drivers/BasicFont/BasicFont.c'
' '
'Building file: ../main.c'
'Invoking: ARM C Compiler 5'
armcc --cpu=Cortex-A9.no_neon.no_vfp --arm -I"C:\Users\lin\Documents\GitHub\el21ycl\Workspace\ELEC5620M-Resources\Drivers" -O0 -g --md --depend_format=unix_escaped --no_depend_system_headers -c -o "main.o" "../main.c"
'Finished building: ../main.c'
' '
'Building target: 1-2-FunctionPointers.axf'
'Invoking: ARM Linker 5'
armlink --cpu=Cortex-A9.no_neon.no_vfp --entry=__main --scatter="C:\Users\lin\Documents\GitHub\el21ycl\Workspace\ELEC5620M-Resources\ScatterFiles\FPGARomRam.scat" --info=sizes -o "1-2-FunctionPointers.axf"  ./Drivers/VFP_Enable/VFP_Enable.o  ./Drivers/HPS_usleep/HPS_usleep.o  ./Drivers/HPS_IRQ/HPS_IRQ.o  ./Drivers/HPS_I2C/HPS_I2C.o  ./Drivers/FatFS/hwlib/alt_clock_manager.o ./Drivers/FatFS/hwlib/alt_sdmmc.o  ./Drivers/FatFS/diskio_cyclonev.o ./Drivers/FatFS/ff.o ./Drivers/FatFS/ffsystem.o ./Drivers/FatFS/ffunicode.o  ./Drivers/DE1SoC_WM8731/DE1SoC_WM8731.o  ./Drivers/DE1SoC_Servo/DE1SoC_Servo.o  ./Drivers/DE1SoC_Mandelbrot/DE1SoC_Mandelbrot.o  ./Drivers/DE1SoC_LT24/DE1SoC_LT24.o  ./Drivers/BasicFont/BasicFont.o  ./main.o   
"C:\Users\lin\Documents\GitHub\el21ycl\Workspace\ELEC5620M-Resources\ScatterFiles\FPGARomRam.scat", line 14 (column 12): Warning: L6329W: Pattern *(RW) only matches removed unused sections.
"C:\Users\lin\Documents\GitHub\el21ycl\Workspace\ELEC5620M-Resources\ScatterFiles\FPGARomRam.scat", line 14 (column 16): Warning: L6329W: Pattern *(ZI) only matches removed unused sections.
Finished: 0 information, 2 warning and 0 error messages.

==============================================================================

Image component sizes


      Code (inc. data)   RO Data    RW Data    ZI Data      Debug   Object Name

         0          0          0          0          0       1444   VFP_Enable.o
        84          4          0          0          0       2001   main.o

    ----------------------------------------------------------------------
        84          4          0          0      16384       3445   Object Totals
         0          0          0          0      16384          0   (incl. Generated)
         0          0          0          0          0          0   (incl. Padding)

    ----------------------------------------------------------------------

      Code (inc. data)   RO Data    RW Data    ZI Data      Debug   Library Member Name

         8          0          0          0          0         68   __main.o
         0          0          0          0          0          0   __rtentry.o
        12          0          0          0          0          0   __rtentry2.o
         8          4          0          0          0          0   __rtentry6.o
        18          0          0          0          0         80   exit.o
         0          0          0          0          0          0   indicate_semi.o
         2          0          0          0          0          0   libinit.o
         2          0          0          0          0          0   libinit2.o
         2          0          0          0          0          0   libshutdown.o
         2          0          0          0          0          0   libshutdown2.o
         2          0          0          0          0          0   rtexit.o
        10          0          0          0          0          0   rtexit2.o
        12          4          0          0          0         68   sys_exit.o
         2          0          0          0          0         68   use_no_semi.o

    ----------------------------------------------------------------------
        84          8          0          0          0        284   Library Totals
         4          0          0          0          0          0   (incl. Padding)

    ----------------------------------------------------------------------

      Code (inc. data)   RO Data    RW Data    ZI Data      Debug   Library Name

        80          8          0          0          0        284   c_2.l

    ----------------------------------------------------------------------
        84          8          0          0          0        284   Library Totals

    ----------------------------------------------------------------------

==============================================================================


      Code (inc. data)   RO Data    RW Data    ZI Data      Debug   

       168         12          0          0      16384       3625   Grand Totals
       168         12          0          0      16384       3625   ELF Image Totals
       168         12          0          0          0          0   ROM Totals

==============================================================================

    Total RO  Size (Code + RO Data)                  168 (   0.16kB)
    Total RW  Size (RW Data + ZI Data)             16384 (  16.00kB)
    Total ROM Size (Code + RO Data + RW Data)        168 (   0.16kB)

==============================================================================

'Finished building target: 1-2-FunctionPointers.axf'
' '

14:54:15 Build Finished (took 11s.49ms)

