18:55:49 **** Incremental Build of configuration Debug for project 2-A-Interrupts ****
make all 
'Building file: C:/Users/lin/Documents/GitHub/el21ycl/Workspace/ELEC5620M-Resources/Drivers/VFP_Enable/VFP_Enable.c'
'Invoking: ARM C Compiler 5'
armcc --cpu=Cortex-A9.no_neon.no_vfp --arm -I"C:\Users\lin\Documents\GitHub\el21ycl\Workspace\ELEC5620M-Resources\Drivers" -O0 -g --md --depend_format=unix_escaped --no_depend_system_headers --depend_dir="Drivers/VFP_Enable" -c -o "Drivers/VFP_Enable/VFP_Enable.o" "C:/Users/lin/Documents/GitHub/el21ycl/Workspace/ELEC5620M-Resources/Drivers/VFP_Enable/VFP_Enable.c"
'Finished building: C:/Users/lin/Documents/GitHub/el21ycl/Workspace/ELEC5620M-Resources/Drivers/VFP_Enable/VFP_Enable.c'
' '
'Building file: C:/Users/lin/Documents/GitHub/el21ycl/Workspace/ELEC5620M-Resources/Drivers/HPS_usleep/HPS_usleep.c'
'Invoking: ARM C Compiler 5'
armcc --cpu=Cortex-A9.no_neon.no_vfp --arm -I"C:\Users\lin\Documents\GitHub\el21ycl\Workspace\ELEC5620M-Resources\Drivers" -O0 -g --md --depend_format=unix_escaped --no_depend_system_headers --depend_dir="Drivers/HPS_usleep" -c -o "Drivers/HPS_usleep/HPS_usleep.o" "C:/Users/lin/Documents/GitHub/el21ycl/Workspace/ELEC5620M-Resources/Drivers/HPS_usleep/HPS_usleep.c"
'Finished building: C:/Users/lin/Documents/GitHub/el21ycl/Workspace/ELEC5620M-Resources/Drivers/HPS_usleep/HPS_usleep.c'
' '
'Building file: C:/Users/lin/Documents/GitHub/el21ycl/Workspace/ELEC5620M-Resources/Drivers/HPS_IRQ/HPS_IRQ.c'
'Invoking: ARM C Compiler 5'
armcc --cpu=Cortex-A9.no_neon.no_vfp --arm -I"C:\Users\lin\Documents\GitHub\el21ycl\Workspace\ELEC5620M-Resources\Drivers" -O0 -g --md --depend_format=unix_escaped --no_depend_system_headers --depend_dir="Drivers/HPS_IRQ" -c -o "Drivers/HPS_IRQ/HPS_IRQ.o" "C:/Users/lin/Documents/GitHub/el21ycl/Workspace/ELEC5620M-Resources/Drivers/HPS_IRQ/HPS_IRQ.c"
'Finished building: C:/Users/lin/Documents/GitHub/el21ycl/Workspace/ELEC5620M-Resources/Drivers/HPS_IRQ/HPS_IRQ.c'
' '
'Building file: C:/Users/lin/Documents/GitHub/el21ycl/Workspace/ELEC5620M-Resources/Drivers/HPS_I2C/HPS_I2C.c'
'Invoking: ARM C Compiler 5'
armcc --cpu=Cortex-A9.no_neon.no_vfp --arm -I"C:\Users\lin\Documents\GitHub\el21ycl\Workspace\ELEC5620M-Resources\Drivers" -O0 -g --md --depend_format=unix_escaped --no_depend_system_headers --depend_dir="Drivers/HPS_I2C" -c -o "Drivers/HPS_I2C/HPS_I2C.o" "C:/Users/lin/Documents/GitHub/el21ycl/Workspace/ELEC5620M-Resources/Drivers/HPS_I2C/HPS_I2C.c"
'Finished building: C:/Users/lin/Documents/GitHub/el21ycl/Workspace/ELEC5620M-Resources/Drivers/HPS_I2C/HPS_I2C.c'
' '
'Building file: C:/Users/lin/Documents/GitHub/el21ycl/Workspace/ELEC5620M-Resources/Drivers/FatFS/hwlib/alt_clock_manager.c'
'Invoking: ARM C Compiler 5'
armcc --cpu=Cortex-A9.no_neon.no_vfp --arm -I"C:\Users\lin\Documents\GitHub\el21ycl\Workspace\ELEC5620M-Resources\Drivers" -O0 -g --md --depend_format=unix_escaped --no_depend_system_headers --depend_dir="Drivers/FatFS/hwlib" -c -o "Drivers/FatFS/hwlib/alt_clock_manager.o" "C:/Users/lin/Documents/GitHub/el21ycl/Workspace/ELEC5620M-Resources/Drivers/FatFS/hwlib/alt_clock_manager.c"
'Finished building: C:/Users/lin/Documents/GitHub/el21ycl/Workspace/ELEC5620M-Resources/Drivers/FatFS/hwlib/alt_clock_manager.c'
' '
'Building file: C:/Users/lin/Documents/GitHub/el21ycl/Workspace/ELEC5620M-Resources/Drivers/FatFS/hwlib/alt_sdmmc.c'
'Invoking: ARM C Compiler 5'
armcc --cpu=Cortex-A9.no_neon.no_vfp --arm -I"C:\Users\lin\Documents\GitHub\el21ycl\Workspace\ELEC5620M-Resources\Drivers" -O0 -g --md --depend_format=unix_escaped --no_depend_system_headers --depend_dir="Drivers/FatFS/hwlib" -c -o "Drivers/FatFS/hwlib/alt_sdmmc.o" "C:/Users/lin/Documents/GitHub/el21ycl/Workspace/ELEC5620M-Resources/Drivers/FatFS/hwlib/alt_sdmmc.c"
'Finished building: C:/Users/lin/Documents/GitHub/el21ycl/Workspace/ELEC5620M-Resources/Drivers/FatFS/hwlib/alt_sdmmc.c'
' '
'Building file: C:/Users/lin/Documents/GitHub/el21ycl/Workspace/ELEC5620M-Resources/Drivers/FatFS/diskio_cyclonev.c'
'Invoking: ARM C Compiler 5'
armcc --cpu=Cortex-A9.no_neon.no_vfp --arm -I"C:\Users\lin\Documents\GitHub\el21ycl\Workspace\ELEC5620M-Resources\Drivers" -O0 -g --md --depend_format=unix_escaped --no_depend_system_headers --depend_dir="Drivers/FatFS" -c -o "Drivers/FatFS/diskio_cyclonev.o" "C:/Users/lin/Documents/GitHub/el21ycl/Workspace/ELEC5620M-Resources/Drivers/FatFS/diskio_cyclonev.c"
'Finished building: C:/Users/lin/Documents/GitHub/el21ycl/Workspace/ELEC5620M-Resources/Drivers/FatFS/diskio_cyclonev.c'
' '
'Building file: C:/Users/lin/Documents/GitHub/el21ycl/Workspace/ELEC5620M-Resources/Drivers/FatFS/ff.c'
'Invoking: ARM C Compiler 5'
armcc --cpu=Cortex-A9.no_neon.no_vfp --arm -I"C:\Users\lin\Documents\GitHub\el21ycl\Workspace\ELEC5620M-Resources\Drivers" -O0 -g --md --depend_format=unix_escaped --no_depend_system_headers --depend_dir="Drivers/FatFS" -c -o "Drivers/FatFS/ff.o" "C:/Users/lin/Documents/GitHub/el21ycl/Workspace/ELEC5620M-Resources/Drivers/FatFS/ff.c"
'Finished building: C:/Users/lin/Documents/GitHub/el21ycl/Workspace/ELEC5620M-Resources/Drivers/FatFS/ff.c'
' '
'Building file: C:/Users/lin/Documents/GitHub/el21ycl/Workspace/ELEC5620M-Resources/Drivers/FatFS/ffsystem.c'
'Invoking: ARM C Compiler 5'
armcc --cpu=Cortex-A9.no_neon.no_vfp --arm -I"C:\Users\lin\Documents\GitHub\el21ycl\Workspace\ELEC5620M-Resources\Drivers" -O0 -g --md --depend_format=unix_escaped --no_depend_system_headers --depend_dir="Drivers/FatFS" -c -o "Drivers/FatFS/ffsystem.o" "C:/Users/lin/Documents/GitHub/el21ycl/Workspace/ELEC5620M-Resources/Drivers/FatFS/ffsystem.c"
'Finished building: C:/Users/lin/Documents/GitHub/el21ycl/Workspace/ELEC5620M-Resources/Drivers/FatFS/ffsystem.c'
' '
'Building file: C:/Users/lin/Documents/GitHub/el21ycl/Workspace/ELEC5620M-Resources/Drivers/FatFS/ffunicode.c'
'Invoking: ARM C Compiler 5'
armcc --cpu=Cortex-A9.no_neon.no_vfp --arm -I"C:\Users\lin\Documents\GitHub\el21ycl\Workspace\ELEC5620M-Resources\Drivers" -O0 -g --md --depend_format=unix_escaped --no_depend_system_headers --depend_dir="Drivers/FatFS" -c -o "Drivers/FatFS/ffunicode.o" "C:/Users/lin/Documents/GitHub/el21ycl/Workspace/ELEC5620M-Resources/Drivers/FatFS/ffunicode.c"
'Finished building: C:/Users/lin/Documents/GitHub/el21ycl/Workspace/ELEC5620M-Resources/Drivers/FatFS/ffunicode.c'
' '
'Building file: C:/Users/lin/Documents/GitHub/el21ycl/Workspace/ELEC5620M-Resources/Drivers/DE1SoC_WM8731/DE1SoC_WM8731.c'
'Invoking: ARM C Compiler 5'
armcc --cpu=Cortex-A9.no_neon.no_vfp --arm -I"C:\Users\lin\Documents\GitHub\el21ycl\Workspace\ELEC5620M-Resources\Drivers" -O0 -g --md --depend_format=unix_escaped --no_depend_system_headers --depend_dir="Drivers/DE1SoC_WM8731" -c -o "Drivers/DE1SoC_WM8731/DE1SoC_WM8731.o" "C:/Users/lin/Documents/GitHub/el21ycl/Workspace/ELEC5620M-Resources/Drivers/DE1SoC_WM8731/DE1SoC_WM8731.c"
'Finished building: C:/Users/lin/Documents/GitHub/el21ycl/Workspace/ELEC5620M-Resources/Drivers/DE1SoC_WM8731/DE1SoC_WM8731.c'
' '
'Building file: C:/Users/lin/Documents/GitHub/el21ycl/Workspace/ELEC5620M-Resources/Drivers/DE1SoC_Servo/DE1SoC_Servo.c'
'Invoking: ARM C Compiler 5'
armcc --cpu=Cortex-A9.no_neon.no_vfp --arm -I"C:\Users\lin\Documents\GitHub\el21ycl\Workspace\ELEC5620M-Resources\Drivers" -O0 -g --md --depend_format=unix_escaped --no_depend_system_headers --depend_dir="Drivers/DE1SoC_Servo" -c -o "Drivers/DE1SoC_Servo/DE1SoC_Servo.o" "C:/Users/lin/Documents/GitHub/el21ycl/Workspace/ELEC5620M-Resources/Drivers/DE1SoC_Servo/DE1SoC_Servo.c"
'Finished building: C:/Users/lin/Documents/GitHub/el21ycl/Workspace/ELEC5620M-Resources/Drivers/DE1SoC_Servo/DE1SoC_Servo.c'
' '
'Building file: C:/Users/lin/Documents/GitHub/el21ycl/Workspace/ELEC5620M-Resources/Drivers/DE1SoC_Mandelbrot/DE1SoC_Mandelbrot.c'
'Invoking: ARM C Compiler 5'
armcc --cpu=Cortex-A9.no_neon.no_vfp --arm -I"C:\Users\lin\Documents\GitHub\el21ycl\Workspace\ELEC5620M-Resources\Drivers" -O0 -g --md --depend_format=unix_escaped --no_depend_system_headers --depend_dir="Drivers/DE1SoC_Mandelbrot" -c -o "Drivers/DE1SoC_Mandelbrot/DE1SoC_Mandelbrot.o" "C:/Users/lin/Documents/GitHub/el21ycl/Workspace/ELEC5620M-Resources/Drivers/DE1SoC_Mandelbrot/DE1SoC_Mandelbrot.c"
'Finished building: C:/Users/lin/Documents/GitHub/el21ycl/Workspace/ELEC5620M-Resources/Drivers/DE1SoC_Mandelbrot/DE1SoC_Mandelbrot.c'
' '
'Building file: C:/Users/lin/Documents/GitHub/el21ycl/Workspace/ELEC5620M-Resources/Drivers/DE1SoC_LT24/DE1SoC_LT24.c'
'Invoking: ARM C Compiler 5'
armcc --cpu=Cortex-A9.no_neon.no_vfp --arm -I"C:\Users\lin\Documents\GitHub\el21ycl\Workspace\ELEC5620M-Resources\Drivers" -O0 -g --md --depend_format=unix_escaped --no_depend_system_headers --depend_dir="Drivers/DE1SoC_LT24" -c -o "Drivers/DE1SoC_LT24/DE1SoC_LT24.o" "C:/Users/lin/Documents/GitHub/el21ycl/Workspace/ELEC5620M-Resources/Drivers/DE1SoC_LT24/DE1SoC_LT24.c"
'Finished building: C:/Users/lin/Documents/GitHub/el21ycl/Workspace/ELEC5620M-Resources/Drivers/DE1SoC_LT24/DE1SoC_LT24.c'
' '
'Building file: C:/Users/lin/Documents/GitHub/el21ycl/Workspace/ELEC5620M-Resources/Drivers/BasicFont/BasicFont.c'
'Invoking: ARM C Compiler 5'
armcc --cpu=Cortex-A9.no_neon.no_vfp --arm -I"C:\Users\lin\Documents\GitHub\el21ycl\Workspace\ELEC5620M-Resources\Drivers" -O0 -g --md --depend_format=unix_escaped --no_depend_system_headers --depend_dir="Drivers/BasicFont" -c -o "Drivers/BasicFont/BasicFont.o" "C:/Users/lin/Documents/GitHub/el21ycl/Workspace/ELEC5620M-Resources/Drivers/BasicFont/BasicFont.c"
'Finished building: C:/Users/lin/Documents/GitHub/el21ycl/Workspace/ELEC5620M-Resources/Drivers/BasicFont/BasicFont.c'
' '
'Building file: ../main.c'
'Invoking: ARM C Compiler 5'
armcc --cpu=Cortex-A9.no_neon.no_vfp --arm -I"C:\Users\lin\Documents\GitHub\el21ycl\Workspace\ELEC5620M-Resources\Drivers" -O0 -g --md --depend_format=unix_escaped --no_depend_system_headers -c -o "main.o" "../main.c"
'Finished building: ../main.c'
' '
'Building target: 2-A-Interrupts.axf'
'Invoking: ARM Linker 5'
armlink --cpu=Cortex-A9.no_neon.no_vfp --entry=__main --scatter="C:\Users\lin\Documents\GitHub\el21ycl\Workspace\ELEC5620M-Resources\ScatterFiles\FPGARomRam.scat" --info=sizes -o "2-A-Interrupts.axf"  ./Drivers/VFP_Enable/VFP_Enable.o  ./Drivers/HPS_usleep/HPS_usleep.o  ./Drivers/HPS_IRQ/HPS_IRQ.o  ./Drivers/HPS_I2C/HPS_I2C.o  ./Drivers/FatFS/hwlib/alt_clock_manager.o ./Drivers/FatFS/hwlib/alt_sdmmc.o  ./Drivers/FatFS/diskio_cyclonev.o ./Drivers/FatFS/ff.o ./Drivers/FatFS/ffsystem.o ./Drivers/FatFS/ffunicode.o  ./Drivers/DE1SoC_WM8731/DE1SoC_WM8731.o  ./Drivers/DE1SoC_Servo/DE1SoC_Servo.o  ./Drivers/DE1SoC_Mandelbrot/DE1SoC_Mandelbrot.o  ./Drivers/DE1SoC_LT24/DE1SoC_LT24.o  ./Drivers/BasicFont/BasicFont.o  ./main.o   

==============================================================================

Image component sizes


      Code (inc. data)   RO Data    RW Data    ZI Data      Debug   Object Name

      1108         60          0         24          0      10001   HPS_IRQ.o
         0          0          0          0          0       1444   VFP_Enable.o
       436         20          0          0          0       6394   main.o

    ----------------------------------------------------------------------
      1544         80         16         24      16384      17839   Object Totals
         0          0         16          0      16384          0   (incl. Generated)
         0          0          0          0          0          0   (incl. Padding)

    ----------------------------------------------------------------------

      Code (inc. data)   RO Data    RW Data    ZI Data      Debug   Library Member Name

         8          0          0          0          0         68   __main.o
         0          0          0          0          0          0   __rtentry.o
        12          0          0          0          0          0   __rtentry2.o
         8          4          0          0          0          0   __rtentry6.o
        52          8          0          0          0          0   __scatter.o
        28          0          0          0          0          0   __scatter_zi.o
        10          0          0          0          0         68   defsig_exit.o
        50          0          0          0          0         88   defsig_general.o
        80         58          0          0          0         76   defsig_rtmem_inner.o
        14          0          0          0          0         80   defsig_rtmem_outer.o
        18          0          0          0          0         80   exit.o
        94          0          0          0          0         80   h1_alloc.o
        48          0          0          0          0         68   h1_extend.o
        78          0          0          0          0         80   h1_free.o
        14          0          0          0          0         84   h1_init.o
       184          0          0          0          0         92   h1_realloc.o
        80          6          0          4          0         96   heapauxa.o
         4          0          0          0          0        136   hguard.o
         0          0          0          0          0          0   indicate_semi.o
       136          0          0          0          0        168   init_alloc.o
         2          0          0          0          0          0   libinit.o
         2          0          0          0          0          0   libinit2.o
        16          8          0          0          0          0   libinit4.o
         2          0          0          0          0          0   libshutdown.o
         2          0          0          0          0          0   libshutdown2.o
         0          0          0          0         96          0   libspace.o
         0          0          0          0          0          0   maybetermalloc1.o
         8          4          0          0          0         68   rt_heap_descriptor_intlibspace.o
       124          0          0          0          0         96   rt_memcpy_w_ca9.o
         2          0          0          0          0          0   rtexit.o
        10          0          0          0          0          0   rtexit2.o
        12          4          0          0          0         68   sys_exit.o
        14          0          0          0          0         76   sys_wrch.o
         2          0          0          0          0         68   use_no_semi.o

    ----------------------------------------------------------------------
      1120         92          0          4         96       1640   Library Totals
         6          0          0          0          0          0   (incl. Padding)

    ----------------------------------------------------------------------

      Code (inc. data)   RO Data    RW Data    ZI Data      Debug   Library Name

      1114         92          0          4         96       1640   c_2.l

    ----------------------------------------------------------------------
      1120         92          0          4         96       1640   Library Totals

    ----------------------------------------------------------------------

==============================================================================


      Code (inc. data)   RO Data    RW Data    ZI Data      Debug   

      2664        172         16         28      16480      18575   Grand Totals
      2664        172         16         28      16480      18575   ELF Image Totals
      2664        172         16         28          0          0   ROM Totals

==============================================================================

    Total RO  Size (Code + RO Data)                 2680 (   2.62kB)
    Total RW  Size (RW Data + ZI Data)             16508 (  16.12kB)
    Total ROM Size (Code + RO Data + RW Data)       2708 (   2.64kB)

==============================================================================

'Finished building target: 2-A-Interrupts.axf'
' '

18:56:04 Build Finished (took 14s.694ms)

