16:04:06 **** Incremental Build of configuration Debug for project 3-1-ToneGenerator ****
make all 
'Building file: ../main.c'
'Invoking: ARM C Compiler 5'
armcc --cpu=Cortex-A9.no_neon --apcs=/hardfp --arm -I"C:\Users\lin\Documents\GitHub\el21ycl\Workspace\ELEC5620M-Resources\Drivers" -O0 -g --md --depend_format=unix_escaped --no_depend_system_headers -c -o "main.o" "../main.c"
"../main.c", line 132: Warning:  #111-D: statement is unreachable
            HPS_ResetWatchdog();
            ^
"../main.c", line 59: Warning:  #550-D: variable "inc"  was set but never used
      double inc   = 0.0;  // Phase increment
             ^
"../main.c", line 63: Warning:  #177-D: variable "en"  was declared but never referenced
      unsigned int en = 0;
                   ^
../main.c: 3 warnings, 0 errors
'Finished building: ../main.c'
' '
'Building target: 3-1-ToneGenerator.axf'
'Invoking: ARM Linker 5'
armlink --cpu=Cortex-A9.no_neon --entry=__main --scatter="C:\Users\lin\Documents\GitHub\el21ycl\Workspace\ELEC5620M-Resources\ScatterFiles\FPGARomRam.scat" --info=sizes -o "3-1-ToneGenerator.axf"  ./PrivateTimer/PrivateTimer.o  ./Drivers/VFP_Enable/VFP_Enable.o  ./Drivers/HPS_usleep/HPS_usleep.o  ./Drivers/HPS_IRQ/HPS_IRQ.o  ./Drivers/HPS_I2C/HPS_I2C.o  ./Drivers/FatFS/hwlib/alt_clock_manager.o ./Drivers/FatFS/hwlib/alt_sdmmc.o  ./Drivers/FatFS/diskio_cyclonev.o ./Drivers/FatFS/ff.o ./Drivers/FatFS/ffsystem.o ./Drivers/FatFS/ffunicode.o  ./Drivers/DE1SoC_WM8731/DE1SoC_WM8731.o  ./Drivers/DE1SoC_Servo/DE1SoC_Servo.o  ./Drivers/DE1SoC_Mandelbrot/DE1SoC_Mandelbrot.o  ./Drivers/DE1SoC_LT24/DE1SoC_LT24.o  ./Drivers/BasicFont/BasicFont.o  ./main.o   

==============================================================================

Image component sizes


      Code (inc. data)   RO Data    RW Data    ZI Data      Debug   Object Name

       692          8          0          5          0       2455   DE1SoC_WM8731.o
       692         16          0         10          0       4650   HPS_I2C.o
       332          8          0          5          0       3959   PrivateTimer.o
        36          0          0          0          0        636   VFP_Enable.o
       492         64          0          0          0       1904   main.o

    ----------------------------------------------------------------------
      2244         96         16         28      16384      13604   Object Totals
         0          0         16          0      16384          0   (incl. Generated)
         0          0          0          8          0          0   (incl. Padding)

    ----------------------------------------------------------------------

      Code (inc. data)   RO Data    RW Data    ZI Data      Debug   Library Member Name

         8          0          0          0          0         68   __main.o
         0          0          0          0          0          0   __rtentry.o
        16          0          0          0          0          0   __rtentry2.o
         8          4          0          0          0          0   __rtentry6.o
        52          8          0          0          0          0   __scatter.o
        28          0          0          0          0          0   __scatter_zi.o
        22          0          0          0          0        100   _rserrno.o
        18          0          0          0          0         80   exit.o
         0          0          0          0          0          0   indicate_semi.o
         2          0          0          0          0          0   libinit.o
         6          0          0          0          0          0   libinit2.o
         2          0          0          0          0          0   libshutdown.o
         2          0          0          0          0          0   libshutdown2.o
         0          0          0          0         96          0   libspace.o
         8          4          0          0          0         68   rt_errno_addr_intlibspace.o
         2          0          0          0          0          0   rtexit.o
        10          0          0          0          0          0   rtexit2.o
        12          4          0          0          0         68   sys_exit.o
         2          0          0          0          0         68   use_no_semi.o
        10          0          0          0          0        116   fpinit.o
         0          0          0          0          0          0   usenofp.o
       216         40         48          0          0        164   cos_i.o
        48         28          0          0          0        232   dunder.o
        24          0          0          0          0        124   fabs.o
        48          0          0          0          0        124   fpclassify.o
       122          0          0          0          0        116   poly.o
       784        148        200          0          0        172   rred.o
       180         22          0          0          0        160   sin.o
       168         24         40          0          0        196   sin_i.o

    ----------------------------------------------------------------------
      1820        286        288          0         96       1856   Library Totals
        22          4          0          0          0          0   (incl. Padding)

    ----------------------------------------------------------------------

      Code (inc. data)   RO Data    RW Data    ZI Data      Debug   Library Name

       198         20          0          0         96        452   c_2.l
        10          0          0          0          0        116   fz_2v.l
      1590        262        288          0          0       1288   m_2v.l

    ----------------------------------------------------------------------
      1820        286        288          0         96       1856   Library Totals

    ----------------------------------------------------------------------

==============================================================================


      Code (inc. data)   RO Data    RW Data    ZI Data      Debug   

      4064        382        304         28      16480      14088   Grand Totals
      4064        382        304         28      16480      14088   ELF Image Totals
      4064        382        304         28          0          0   ROM Totals

==============================================================================

    Total RO  Size (Code + RO Data)                 4368 (   4.27kB)
    Total RW  Size (RW Data + ZI Data)             16508 (  16.12kB)
    Total ROM Size (Code + RO Data + RW Data)       4396 (   4.29kB)

==============================================================================

'Finished building target: 3-1-ToneGenerator.axf'
' '

16:04:08 Build Finished (took 2s.97ms)

